<?xml version="1.0" encoding="UTF-8"?>
<!-- Generated by org.testng.reporters.JUnitReportReporter -->
<testsuite hostname="L1308" failures="0" tests="2" name="testScript.ManageNewsTest" time="9.790" errors="0" timestamp="2025-10-27T22:06:13 IST" skipped="0">
  <testcase classname="testScript.ManageNewsTest" name="addNewNewsText" time="5.553"/>
  <testcase classname="testScript.ManageNewsTest" name="searchNewsEntered" time="4.237"/>
</testsuite> <!-- testScript.ManageNewsTest -->
