<?xml version="1.0" encoding="UTF-8"?>
<!-- Generated by org.testng.reporters.JUnitReportReporter -->
<testsuite hostname="L1308" failures="0" tests="5" name="testScript.LoginTestCase" time="25.335" errors="0" timestamp="2025-10-26T16:32:22 IST" skipped="0">
  <testcase classname="testScript.LoginTestCase" name="validateUserloginWithValidCredentials" time="5.785"/>
  <testcase classname="testScript.LoginTestCase" name="validateUserloginWithInvalidusernameInvalidPassword" time="5.232"/>
  <testcase classname="testScript.LoginTestCase" name="validateUserloginWithInvalidusernameInvalidPassword" time="4.727"/>
  <testcase classname="testScript.LoginTestCase" name="validateUserloginWithValidusernameInvalidpassword" time="4.712"/>
  <testcase classname="testScript.LoginTestCase" name="validateUserloginWithInvalidusernameValidpassword" time="4.879"/>
</testsuite> <!-- testScript.LoginTestCase -->
