<?xml version="1.0" encoding="UTF-8"?>
<!-- Generated by org.testng.reporters.JUnitReportReporter -->
<testsuite hostname="L1308" failures="0" tests="2" name="testScript.ManageNewsTest" time="14.958" errors="0" timestamp="2025-10-27T21:51:06 IST" skipped="0">
  <testcase classname="testScript.ManageNewsTest" name="searchNewsEntered" time="5.759"/>
  <testcase classname="testScript.ManageNewsTest" name="addNewNewsText" time="9.199"/>
</testsuite> <!-- testScript.ManageNewsTest -->
