<?xml version="1.0" encoding="UTF-8"?>
<!-- Generated by org.testng.reporters.JUnitReportReporter -->
<testsuite hostname="L1308" failures="0" tests="1" name="automationCore.LoginTestCase" time="9.120" errors="0" timestamp="2025-10-06T20:32:23 IST" skipped="0">
  <testcase classname="automationCore.LoginTestCase" name="validateUserloginWithValidCredentials" time="9.120"/>
</testsuite> <!-- automationCore.LoginTestCase -->
