<?xml version="1.0" encoding="UTF-8"?>
<!-- Generated by org.testng.reporters.JUnitReportReporter -->
<testsuite hostname="L1308" failures="0" tests="1" name="testScript.HomeTest" time="7.609" errors="0" timestamp="2025-10-26T16:51:10 IST" skipped="0">
  <testcase classname="testScript.HomeTest" name="logout" time="7.609"/>
</testsuite> <!-- testScript.HomeTest -->
