<?xml version="1.0" encoding="UTF-8"?>
<!-- Generated by org.testng.reporters.JUnitReportReporter -->
<testsuite hostname="L1308" failures="0" tests="1" name="testScript.LogoutTestCase" time="20.862" errors="0" timestamp="2025-10-08T20:43:48 IST" skipped="0">
  <testcase classname="testScript.LogoutTestCase" name="logout" time="20.862"/>
</testsuite> <!-- testScript.LogoutTestCase -->
