<?xml version="1.0" encoding="UTF-8"?>
<!-- Generated by org.testng.reporters.JUnitReportReporter -->
<testsuite hostname="L1308" failures="0" tests="3" name="testScript.AdminUsersTestCase" time="18.629" errors="0" timestamp="2025-10-26T16:28:03 IST" skipped="0">
  <testcase classname="testScript.AdminUsersTestCase" name="resetAdminUsers" time="6.097"/>
  <testcase classname="testScript.AdminUsersTestCase" name="searchAdminUsers" time="5.326"/>
  <testcase classname="testScript.AdminUsersTestCase" name="addNewUser" time="7.206"/>
</testsuite> <!-- testScript.AdminUsersTestCase -->
